<?xml version="1.0" encoding="UTF-8"?>
<testng-results ignored="0" total="1" passed="0" failed="1" skipped="0">
  <reporter-output>
  </reporter-output>
  <suite started-at="2025-08-05T22:53:18 IST" name="Default suite" finished-at="2025-08-05T22:53:21 IST" duration-ms="2606">
    <groups>
    </groups>
    <test started-at="2025-08-05T22:53:18 IST" name="Default test" finished-at="2025-08-05T22:53:21 IST" duration-ms="2606">
      <class name="Practice.SchemaValidation">
        <test-method signature="getList()[pri:0, instance:Practice.SchemaValidation@2b71e916]" started-at="2025-08-05T22:53:18 IST" name="getList" finished-at="2025-08-05T22:53:20 IST" duration-ms="2563" status="FAIL">
          <exception class="java.lang.AssertionError">
            <message>
              <![CDATA[1 expectation failed.
Response body doesn't match expectation.
Expected: The content to match the given JSON schema.
error: instance type (integer) does not match any allowed primitive type (allowed: ["string"])
    level: "error"
    schema: {"loadingURI":"#","pointer":"/properties/total"}
    instance: {"pointer":"/total"}
    domain: "validation"
    keyword: "type"
    found: "integer"
    expected: ["string"]

  Actual: {page=1, per_page=6, total=12, total_pages=2, data=[{id=1, email=george.bluth@reqres.in, first_name=George, last_name=Bluth, avatar=https://reqres.in/img/faces/1-image.jpg}, {id=2, email=janet.weaver@reqres.in, first_name=Janet, last_name=Weaver, avatar=https://reqres.in/img/faces/2-image.jpg}, {id=3, email=emma.wong@reqres.in, first_name=Emma, last_name=Wong, avatar=https://reqres.in/img/faces/3-image.jpg}, {id=4, email=eve.holt@reqres.in, first_name=Eve, last_name=Holt, avatar=https://reqres.in/img/faces/4-image.jpg}, {id=5, email=charles.morris@reqres.in, first_name=Charles, last_name=Morris, avatar=https://reqres.in/img/faces/5-image.jpg}, {id=6, email=tracey.ramos@reqres.in, first_name=Tracey, last_name=Ramos, avatar=https://reqres.in/img/faces/6-image.jpg}], support={url=https://contentcaddy.io?utm_source=reqres&utm_medium=json&utm_campaign=referral, text=Tired of writing endless social media content? Let Content Caddy generate it for you.}}
]]>
            </message>
            <full-stacktrace>
              <![CDATA[java.lang.AssertionError: 1 expectation failed.
Response body doesn't match expectation.
Expected: The content to match the given JSON schema.
error: instance type (integer) does not match any allowed primitive type (allowed: ["string"])
    level: "error"
    schema: {"loadingURI":"#","pointer":"/properties/total"}
    instance: {"pointer":"/total"}
    domain: "validation"
    keyword: "type"
    found: "integer"
    expected: ["string"]

  Actual: {page=1, per_page=6, total=12, total_pages=2, data=[{id=1, email=george.bluth@reqres.in, first_name=George, last_name=Bluth, avatar=https://reqres.in/img/faces/1-image.jpg}, {id=2, email=janet.weaver@reqres.in, first_name=Janet, last_name=Weaver, avatar=https://reqres.in/img/faces/2-image.jpg}, {id=3, email=emma.wong@reqres.in, first_name=Emma, last_name=Wong, avatar=https://reqres.in/img/faces/3-image.jpg}, {id=4, email=eve.holt@reqres.in, first_name=Eve, last_name=Holt, avatar=https://reqres.in/img/faces/4-image.jpg}, {id=5, email=charles.morris@reqres.in, first_name=Charles, last_name=Morris, avatar=https://reqres.in/img/faces/5-image.jpg}, {id=6, email=tracey.ramos@reqres.in, first_name=Tracey, last_name=Ramos, avatar=https://reqres.in/img/faces/6-image.jpg}], support={url=https://contentcaddy.io?utm_source=reqres&utm_medium=json&utm_campaign=referral, text=Tired of writing endless social media content? Let Content Caddy generate it for you.}}

at java.base/jdk.internal.reflect.DirectConstructorHandleAccessor.newInstance(DirectConstructorHandleAccessor.java:62)
at java.base/java.lang.reflect.Constructor.newInstanceWithCaller(Constructor.java:502)
at java.base/java.lang.reflect.Constructor.newInstance(Constructor.java:486)
at org.codehaus.groovy.reflection.CachedConstructor.invoke(CachedConstructor.java:73)
at org.codehaus.groovy.runtime.callsite.ConstructorSite$ConstructorSiteNoUnwrapNoCoerce.callConstructor(ConstructorSite.java:108)
at org.codehaus.groovy.runtime.callsite.CallSiteArray.defaultCallConstructor(CallSiteArray.java:57)
at org.codehaus.groovy.runtime.callsite.AbstractCallSite.callConstructor(AbstractCallSite.java:263)
at org.codehaus.groovy.runtime.callsite.AbstractCallSite.callConstructor(AbstractCallSite.java:277)
at io.restassured.internal.ResponseSpecificationImpl$HamcrestAssertionClosure.validate(ResponseSpecificationImpl.groovy:512)
at io.restassured.internal.ResponseSpecificationImpl$HamcrestAssertionClosure$validate$1.call(Unknown Source)
at io.restassured.internal.ResponseSpecificationImpl.validateResponseIfRequired(ResponseSpecificationImpl.groovy:696)
at io.restassured.internal.ResponseSpecificationImpl.this$2$validateResponseIfRequired(ResponseSpecificationImpl.groovy)
at java.base/jdk.internal.reflect.DirectMethodHandleAccessor.invoke(DirectMethodHandleAccessor.java:103)
at java.base/java.lang.reflect.Method.invoke(Method.java:580)
at org.codehaus.groovy.runtime.callsite.PlainObjectMetaMethodSite.doInvoke(PlainObjectMetaMethodSite.java:43)
at org.codehaus.groovy.runtime.callsite.PogoMetaMethodSite$PogoCachedMethodSiteNoUnwrapNoCoerce.invoke(PogoMetaMethodSite.java:198)
at org.codehaus.groovy.runtime.callsite.PogoMetaMethodSite.callCurrent(PogoMetaMethodSite.java:62)
at org.codehaus.groovy.runtime.callsite.CallSiteArray.defaultCallCurrent(CallSiteArray.java:49)
at org.codehaus.groovy.runtime.callsite.AbstractCallSite.callCurrent(AbstractCallSite.java:171)
at org.codehaus.groovy.runtime.callsite.AbstractCallSite.callCurrent(AbstractCallSite.java:185)
at io.restassured.internal.ResponseSpecificationImpl.body(ResponseSpecificationImpl.groovy:107)
at io.restassured.internal.ValidatableResponseOptionsImpl.body(ValidatableResponseOptionsImpl.java:238)
at Practice.SchemaValidation.getList(SchemaValidation.java:34)
at java.base/jdk.internal.reflect.DirectMethodHandleAccessor.invoke(DirectMethodHandleAccessor.java:103)
at java.base/java.lang.reflect.Method.invoke(Method.java:580)
at org.testng.internal.invokers.MethodInvocationHelper.invokeMethod(MethodInvocationHelper.java:141)
at org.testng.internal.invokers.TestInvoker.invokeMethod(TestInvoker.java:687)
at org.testng.internal.invokers.TestInvoker.invokeTestMethod(TestInvoker.java:230)
at org.testng.internal.invokers.MethodRunner.runInSequence(MethodRunner.java:63)
at org.testng.internal.invokers.TestInvoker$MethodInvocationAgent.invoke(TestInvoker.java:995)
at org.testng.internal.invokers.TestInvoker.invokeTestMethods(TestInvoker.java:203)
at org.testng.internal.invokers.TestMethodWorker.invokeTestMethods(TestMethodWorker.java:154)
at org.testng.internal.invokers.TestMethodWorker.run(TestMethodWorker.java:134)
at java.base/java.util.ArrayList.forEach(ArrayList.java:1597)
at org.testng.TestRunner.privateRun(TestRunner.java:741)
at org.testng.TestRunner.run(TestRunner.java:616)
at org.testng.SuiteRunner.runTest(SuiteRunner.java:421)
at org.testng.SuiteRunner.runSequentially(SuiteRunner.java:413)
at org.testng.SuiteRunner.privateRun(SuiteRunner.java:373)
at org.testng.SuiteRunner.run(SuiteRunner.java:312)
at org.testng.SuiteRunnerWorker.runSuite(SuiteRunnerWorker.java:52)
at org.testng.SuiteRunnerWorker.run(SuiteRunnerWorker.java:95)
at org.testng.TestNG.runSuitesSequentially(TestNG.java:1274)
at org.testng.TestNG.runSuitesLocally(TestNG.java:1208)
at org.testng.TestNG.runSuites(TestNG.java:1112)
at org.testng.TestNG.run(TestNG.java:1079)
at org.testng.remote.AbstractRemoteTestNG.run(AbstractRemoteTestNG.java:115)
at org.testng.remote.RemoteTestNG.initAndRun(RemoteTestNG.java:293)
at org.testng.remote.RemoteTestNG.main(RemoteTestNG.java:91)
]]>
            </full-stacktrace>
          </exception> <!-- java.lang.AssertionError -->
          <reporter-output>
          </reporter-output>
        </test-method> <!-- getList -->
      </class> <!-- Practice.SchemaValidation -->
    </test> <!-- Default test -->
  </suite> <!-- Default suite -->
</testng-results>
